Arguments: 
  /usr/local/Cellar/node/10.3.0/bin/node /usr/local/Cellar/yarn/1.7.0/libexec/bin/yarn.js

PATH: 
  /usr/local/bin:/usr/bin:/bin:/usr/sbin:/sbin

Yarn version: 
  1.7.0

Node version: 
  10.3.0

Platform: 
  darwin x64

Trace: 
  Error: unable to get local issuer certificate
      at TLSSocket.onConnectSecure (_tls_wrap.js:1055:34)
      at TLSSocket.emit (events.js:182:13)
      at TLSSocket._finishInit (_tls_wrap.js:635:8)

npm manifest: 
  {
    "name": "investor-performance-app",
    "version": "1.0.0",
    "description": "Investor Performance Application",
    "main": "index.js",
    "author": "Daniel Luong <daniel.luong@zopa.com>",
    "license": "ISC",
    "devDependencies": {
      "awesome-typescript-loader": "^5.0.0",
      "css-loader": "^0.28.11",
      "style-loader": "^0.21.0",
      "tslint": "^5.10.0",
      "tslint-config-airbnb": "^5.9.2",
      "typescript": "^2.9.1",
      "webpack": "^4.10.2",
      "webpack-cli": "^2.1.4"
    },
    "dependencies": {
      "@types/react": "^16.3.16",
      "@types/react-dom": "^16.0.5",
      "antd": "^3.5.4",
      "react": "^16.4.0",
      "react-dom": "^16.4.0"
    }
  }

yarn manifest: 
  No manifest

Lockfile: 
  No lockfile
